<?xml version="1.0" encoding="UTF-8"?>
<!-- Generated by org.testng.reporters.JUnitReportReporter -->
<testsuite skipped="0" hostname="CL-NB-650" name="tests.Tests" tests="5" failures="0" timestamp="05 jul 2021 15:59:35 GMT" time="18.625" errors="0">
  <testcase name="CP005" time="0.999" classname="tests.Tests"/>
  <testcase name="CP001_retomaFormularioContratacion" time="11.314" classname="tests.Tests"/>
  <testcase name="CP003" time="0.794" classname="tests.Tests"/>
  <testcase name="CP002" time="4.222" classname="tests.Tests"/>
  <testcase name="CP004" time="1.296" classname="tests.Tests"/>
</testsuite> <!-- tests.Tests -->
